<?xml version="1.0" encoding="utf-8"?><testsuites name="pytest tests"><testsuite name="pytest" errors="0" failures="0" skipped="0" tests="45" time="12.469" timestamp="2026-07-04T11:47:57.110612+00:00" hostname="agent-env-83597d6f-1bf2-4d2b-849b-2c6ae8a06ca2"><testcase classname="tests.test_v3_features.TestProfileFilters" name="test_seeded_has_players_and_coaches" time="0.208" /><testcase classname="tests.test_v3_features.TestRadar" name="test_get_alerts" time="0.205" /><testcase classname="tests.test_v3_features.TestRadar" name="test_filter_alerts_by_status" time="0.095" /><testcase classname="tests.test_v3_features.TestProfileFilters" name="test_filter_by_role_player" time="0.094" /><testcase classname="tests.test_v3_features.TestRadar" name="test_radar_scan_creates_new_alert" time="4.073" /><testcase classname="tests.test_v3_features.TestProfileFilters" name="test_filter_by_role_coach" time="0.108" /><testcase classname="tests.test_v3_features.TestProfileFilters" name="test_filter_role_all" time="0.158" /><testcase classname="tests.test_v3_features.TestProfileFilters" name="test_filter_by_club" time="0.106" /><testcase classname="tests.test_v3_features.TestProfileFilters" name="test_career_history_present" time="0.093" /><testcase classname="tests.test_transfer_memory.TestProfiles" name="test_list_profiles" time="0.099" /><testcase classname="tests.test_transfer_memory.TestProfiles" name="test_get_profile_by_id" time="0.097" /><testcase classname="tests.test_transfer_memory.TestProfiles" name="test_get_profile_404" time="0.105" /><testcase classname="tests.test_transfer_memory.TestProfiles" name="test_profile_search_query" time="0.095" /><testcase classname="tests.test_streak_v4.TestStreakBasics" name="test_active_challenge" time="0.096" /><testcase classname="tests.test_streak_v4.TestStreakBasics" name="test_streak_me_returns_you" time="0.093" /><testcase classname="tests.test_streak_v4.TestStreakBasics" name="test_leaderboard_top5_sorted" time="0.100" /><testcase classname="tests.test_transfer_memory.TestRumors" name="test_get_profile_rumors_sorted" time="0.101" /><testcase classname="tests.test_transfer_memory.TestRumors" name="test_get_rumors_for_unknown_profile_returns_empty" time="0.095" /><testcase classname="tests.test_transfer_memory.TestRumors" name="test_create_rumor_persists_and_visible_in_timeline" time="0.139" /><testcase classname="tests.test_v3_features.TestPipeline" name="test_get_pipeline" time="0.103" /><testcase classname="tests.test_v3_features.TestPipeline" name="test_patch_pipeline_stage" time="0.229" /><testcase classname="tests.test_v3_features.TestPipeline" name="test_patch_pipeline_unknown_404" time="0.108" /><testcase classname="tests.test_v3_features.TestTasks" name="test_get_tasks" time="0.096" /><testcase classname="tests.test_v3_features.TestTasks" name="test_toggle_task_done" time="0.257" /><testcase classname="tests.test_v3_features.TestTasks" name="test_patch_task_unknown_404" time="0.105" /><testcase classname="tests.test_streak_v4.TestStreakVote" name="test_vote_correct_increments_and_wrong_resets" time="0.350" /><testcase classname="tests.test_streak_v4.TestStreakVote" name="test_vote_unknown_challenge_404" time="0.099" /><testcase classname="tests.test_streak_v4.TestProfilesV4" name="test_profiles_count_and_leagues" time="0.102" /><testcase classname="tests.test_streak_v4.TestProfilesV4" name="test_verified_status_true_for_stars" time="0.103" /><testcase classname="tests.test_streak_v4.TestRecentRumorsV4" name="test_recent_enriched_and_sorted" time="0.097" /><testcase classname="tests.test_streak_v4.TestRecentRumorsV4" name="test_lookman_free_transfer_contradiction_exists" time="0.101" /><testcase classname="tests.test_transfer_memory.TestConsistencyCheck" name="test_consistency_returns_valid_json" time="5.986" /><testcase classname="tests.test_v3_features.TestRadar" name="test_dismiss_alert" time="3.790" /><testcase classname="tests.test_v3_features.TestRadar" name="test_dismiss_unknown_returns_404" time="0.114" /><testcase classname="tests.test_v3_features.TestRadar" name="test_investigate_alert_creates_pipeline_and_tasks" time="3.351" /><testcase classname="tests.test_transfer_memory.TestConsistencyCheck" name="test_consistency_unknown_profile_404" time="0.102" /><testcase classname="tests.test_streak_v4.TestRadarAlertsExternal" name="test_alerts_have_external_link_url" time="0.099" /><testcase classname="tests.test_transfer_memory.TestHealth" name="test_root" time="0.089" /><testcase classname="tests.test_transfer_memory.TestStats" name="test_stats_has_seeded_counts" time="0.102" /><testcase classname="tests.test_transfer_memory.TestSources" name="test_sources_sorted" time="0.099" /><testcase classname="tests.test_v3_features.TestClubs" name="test_get_clubs_returns_sorted_list" time="0.100" /><testcase classname="tests.test_v3_features.TestRecentRumors" name="test_recent_rumors_enriched" time="0.096" /><testcase classname="tests.test_v3_features.TestStatsV3" name="test_stats_alerts_key" time="0.094" /><testcase classname="tests.test_v3_features.TestRadar" name="test_investigate_unknown_alert_404" time="0.095" /><testcase classname="tests.test_streak_v4.TestSourcesVerified" name="test_top_sources_present" time="0.125" /></testsuite></testsuites>