<?xml version="1.0" encoding="utf-8"?><testsuites name="pytest tests"><testsuite name="pytest" errors="0" failures="0" skipped="0" tests="12" time="7.777" timestamp="2026-07-02T17:53:38.762443+00:00" hostname="agent-env-83597d6f-1bf2-4d2b-849b-2c6ae8a06ca2"><testcase classname="tests.test_transfer_memory.TestRumors" name="test_get_profile_rumors_sorted" time="0.364" /><testcase classname="tests.test_transfer_memory.TestProfiles" name="test_list_profiles" time="0.285" /><testcase classname="tests.test_transfer_memory.TestProfiles" name="test_get_profile_by_id" time="0.486" /><testcase classname="tests.test_transfer_memory.TestRumors" name="test_get_rumors_for_unknown_profile_returns_empty" time="0.196" /><testcase classname="tests.test_transfer_memory.TestRumors" name="test_create_rumor_persists_and_visible_in_timeline" time="0.683" /><testcase classname="tests.test_transfer_memory.TestProfiles" name="test_get_profile_404" time="1.252" /><testcase classname="tests.test_transfer_memory.TestConsistencyCheck" name="test_consistency_returns_valid_json" time="5.663" /><testcase classname="tests.test_transfer_memory.TestProfiles" name="test_profile_search_query" time="0.214" /><testcase classname="tests.test_transfer_memory.TestHealth" name="test_root" time="0.157" /><testcase classname="tests.test_transfer_memory.TestSources" name="test_sources_sorted" time="0.191" /><testcase classname="tests.test_transfer_memory.TestConsistencyCheck" name="test_consistency_unknown_profile_404" time="0.179" /><testcase classname="tests.test_transfer_memory.TestStats" name="test_stats_has_seeded_counts" time="0.159" /></testsuite></testsuites>