<?xml version="1.0" encoding="utf-8"?><testsuites name="pytest tests"><testsuite name="pytest" errors="0" failures="0" skipped="0" tests="11" time="1.516" timestamp="2026-07-04T11:46:50.781815+00:00" hostname="agent-env-83597d6f-1bf2-4d2b-849b-2c6ae8a06ca2"><testcase classname="tests.test_streak_v4.TestStreakVote" name="test_vote_correct_increments_and_wrong_resets" time="0.548" /><testcase classname="tests.test_streak_v4.TestStreakBasics" name="test_active_challenge" time="0.227" /><testcase classname="tests.test_streak_v4.TestStreakBasics" name="test_streak_me_returns_you" time="0.124" /><testcase classname="tests.test_streak_v4.TestStreakBasics" name="test_leaderboard_top5_sorted" time="0.146" /><testcase classname="tests.test_streak_v4.TestRecentRumorsV4" name="test_recent_enriched_and_sorted" time="0.131" /><testcase classname="tests.test_streak_v4.TestStreakVote" name="test_vote_unknown_challenge_404" time="0.098" /><testcase classname="tests.test_streak_v4.TestRecentRumorsV4" name="test_lookman_free_transfer_contradiction_exists" time="0.137" /><testcase classname="tests.test_streak_v4.TestProfilesV4" name="test_profiles_count_and_leagues" time="0.100" /><testcase classname="tests.test_streak_v4.TestProfilesV4" name="test_verified_status_true_for_stars" time="0.104" /><testcase classname="tests.test_streak_v4.TestRadarAlertsExternal" name="test_alerts_have_external_link_url" time="0.100" /><testcase classname="tests.test_streak_v4.TestSourcesVerified" name="test_top_sources_present" time="0.095" /></testsuite></testsuites>